<?xml version="1.0" encoding="UTF-8"?>
<testng-results ignored="0" total="2" passed="0" failed="2" skipped="0">
  <reporter-output>
  </reporter-output>
  <suite started-at="2023-11-04T15:37:52 CET" name="Default suite" finished-at="2023-11-04T15:37:53 CET" duration-ms="631">
    <groups>
      <group name="cucumber">
        <method signature="AbstractTestNGCucumberTests.runScenario(io.cucumber.testng.PickleWrapper,io.cucumber.testng.FeatureWrapper)[pri:0, instance:TestRunder.testrun@68c9133c]" name="runScenario" class="io.cucumber.testng.AbstractTestNGCucumberTests"/>
      </group> <!-- cucumber -->
    </groups>
    <test started-at="2023-11-04T15:37:52 CET" name="Default test" finished-at="2023-11-04T15:37:53 CET" duration-ms="631">
      <class name="TestRunder.testrun">
        <test-method is-config="true" signature="setUpClass(org.testng.ITestContext)[pri:0, instance:TestRunder.testrun@68c9133c]" started-at="2023-11-04T15:37:52 CET" name="setUpClass" finished-at="2023-11-04T15:37:53 CET" duration-ms="395" status="PASS">
          <params>
            <param index="0">
              <value>
                <![CDATA[org.testng.TestRunner@1280851e]]>
              </value>
            </param>
          </params>
          <reporter-output>
          </reporter-output>
        </test-method> <!-- setUpClass -->
        <test-method signature="runScenario(io.cucumber.testng.PickleWrapper,io.cucumber.testng.FeatureWrapper)[pri:0, instance:TestRunder.testrun@68c9133c]" started-at="2023-11-04T15:37:53 CET" name="runScenario" description="Runs Cucumber Scenarios" data-provider="scenarios" finished-at="2023-11-04T15:37:53 CET" duration-ms="120" status="FAIL">
          <params>
            <param index="0">
              <value>
                <![CDATA["Create account"]]>
              </value>
            </param>
            <param index="1">
              <value>
                <![CDATA["Feature to test login functionality"]]>
              </value>
            </param>
          </params>
          <exception class="java.lang.NullPointerException">
            <message>
              <![CDATA[Cannot invoke "org.openqa.selenium.WebDriver.getCurrentUrl()" because "this.driver" is null]]>
            </message>
            <full-stacktrace>
              <![CDATA[java.lang.NullPointerException: Cannot invoke "org.openqa.selenium.WebDriver.getCurrentUrl()" because "this.driver" is null
at StepDefinitions.LoginSteps.user_is_on_the_home_page(LoginSteps.java:23)
at ✽.User is on the home page(file:///D:/Eclipse/eclipse-workspace/EdukativenCucamber/src/test/resources/Features/LogIn.feature:6)
]]>
            </full-stacktrace>
          </exception> <!-- java.lang.NullPointerException -->
          <reporter-output>
          </reporter-output>
        </test-method> <!-- runScenario -->
        <test-method signature="runScenario(io.cucumber.testng.PickleWrapper,io.cucumber.testng.FeatureWrapper)[pri:0, instance:TestRunder.testrun@68c9133c]" started-at="2023-11-04T15:37:53 CET" name="runScenario" description="Runs Cucumber Scenarios" data-provider="scenarios" finished-at="2023-11-04T15:37:53 CET" duration-ms="24" status="FAIL">
          <params>
            <param index="0">
              <value>
                <![CDATA["Create Order Test"]]>
              </value>
            </param>
            <param index="1">
              <value>
                <![CDATA["Feature to test login functionality"]]>
              </value>
            </param>
          </params>
          <exception class="java.lang.NullPointerException">
            <message>
              <![CDATA[Cannot invoke "org.openqa.selenium.WebDriver.getCurrentUrl()" because "this.driver" is null]]>
            </message>
            <full-stacktrace>
              <![CDATA[java.lang.NullPointerException: Cannot invoke "org.openqa.selenium.WebDriver.getCurrentUrl()" because "this.driver" is null
at StepDefinitions.CreateOrder.user_is_on_the_homepage(CreateOrder.java:31)
at ✽.User is on the homepage(file:///D:/Eclipse/eclipse-workspace/EdukativenCucamber/src/test/resources/Features/LogIn.feature:33)
]]>
            </full-stacktrace>
          </exception> <!-- java.lang.NullPointerException -->
          <reporter-output>
          </reporter-output>
        </test-method> <!-- runScenario -->
        <test-method is-config="true" signature="tearDownClass()[pri:0, instance:TestRunder.testrun@68c9133c]" started-at="2023-11-04T15:37:53 CET" name="tearDownClass" finished-at="2023-11-04T15:37:53 CET" duration-ms="53" status="PASS">
          <reporter-output>
          </reporter-output>
        </test-method> <!-- tearDownClass -->
      </class> <!-- TestRunder.testrun -->
    </test> <!-- Default test -->
  </suite> <!-- Default suite -->
</testng-results>
